[16:02:06] [main/INFO]: Environment: authHost='https://authserver.mojang.com', accountsHost='https://api.mojang.com', sessionHost='https://sessionserver.mojang.com', servicesHost='https://api.minecraftservices.com', name='PROD'
[16:02:08] [main/WARN]: Ambiguity between arguments [teleport, destination] and [teleport, targets] with inputs: [Player, 0123, @e, dd12be42-52a9-4a91-a8a1-11c01849e498]
[16:02:08] [main/WARN]: Ambiguity between arguments [teleport, location] and [teleport, destination] with inputs: [0.1 -0.5 .9, 0 0 0]
[16:02:08] [main/WARN]: Ambiguity between arguments [teleport, location] and [teleport, targets] with inputs: [0.1 -0.5 .9, 0 0 0]
[16:02:08] [main/WARN]: Ambiguity between arguments [teleport, targets] and [teleport, destination] with inputs: [Player, 0123, dd12be42-52a9-4a91-a8a1-11c01849e498]
[16:02:08] [main/WARN]: Ambiguity between arguments [teleport, targets, location] and [teleport, targets, destination] with inputs: [0.1 -0.5 .9, 0 0 0]
[16:02:08] [main/INFO]: Reloading ResourceManager: Default
[16:02:09] [Worker-Main-5/INFO]: Loaded 7 recipes
[16:02:10] [Worker-Main-5/INFO]: Loaded 927 advancements
[16:02:13] [Server thread/INFO]: Starting minecraft server version 1.16.5
[16:02:13] [Server thread/INFO]: Loading properties
[16:02:13] [Server thread/INFO]: Default game type: SURVIVAL
[16:02:13] [Server thread/INFO]: Generating keypair
[16:02:13] [Server console handler/ERROR]: Exception handling console input
java.io.IOException: Descripteur non valide
	at java.io.FileInputStream.readBytes(Native Method) ~[?:1.8.0_271]
	at java.io.FileInputStream.read(Unknown Source) ~[?:1.8.0_271]
	at java.io.BufferedInputStream.read1(Unknown Source) ~[?:1.8.0_271]
	at java.io.BufferedInputStream.read(Unknown Source) ~[?:1.8.0_271]
	at sun.nio.cs.StreamDecoder.readBytes(Unknown Source) ~[?:1.8.0_271]
	at sun.nio.cs.StreamDecoder.implRead(Unknown Source) ~[?:1.8.0_271]
	at sun.nio.cs.StreamDecoder.read(Unknown Source) ~[?:1.8.0_271]
	at java.io.InputStreamReader.read(Unknown Source) ~[?:1.8.0_271]
	at java.io.BufferedReader.fill(Unknown Source) ~[?:1.8.0_271]
	at java.io.BufferedReader.readLine(Unknown Source) ~[?:1.8.0_271]
	at java.io.BufferedReader.readLine(Unknown Source) ~[?:1.8.0_271]
	at zg$1.run(SourceFile:95) [server.jar:?]
[16:02:13] [Server thread/INFO]: Starting Minecraft server on *:25565
[16:02:13] [Server thread/INFO]: Using default channel type
